[handleMsg]:  {
  key: {
    remoteJid: '573125301766@s.whatsapp.net',
    fromMe: false,
    id: '3A1C7ABDE5603085AF90',
    participant: undefined
  },
  messageTimestamp: 1698910296,
  pushName: 'Juan',
  broadcast: false,
  message: Message {
    conversation: 'Hola',
    messageContextInfo: MessageContextInfo {
      deviceListMetadata: [DeviceListMetadata],
      deviceListMetadataVersion: 2
    }
  },
  body: 'Hola',
  from: '573125301766'
}
[QUEUE_SE_ENVIO]:  {
  ref: 'ans_06260b80-c162-4b23-8fec-4aef22ef206b',
  keyword: 'key_a85de13d-5bca-461f-b261-5d160def6ee8',
  answer: 'Hola bienvenido a el *Chatbot de BEU*',
  options: {
    media: null,
    buttons: [],
    capture: false,
    child: null,
    delay: 0,
    nested: [],
    keyword: {},
    callback: false
  },
  refSerialize: 'd61475568f2688d7d94e81d6993bd92d'
}
[QUEUE_SE_ENVIO]:  {
  ref: 'ans_92f38eb0-e89c-41dc-aef8-7881859ceb3f',
  keyword: 'ans_06260b80-c162-4b23-8fec-4aef22ef206b',
  answer: 'En este chat podras encontrar m谩s informaci贸n acerca de los diferentes eventos reportados en nuestra APP\n' +
    'Por favor escribe alguna de las siguientes opciones:\n' +
    ' *1* para ver informacion de eventos relacionados a el Centro Javeriano de Formaci贸n Deportiva\n' +
    ' *2* para ver eventos relacionados a temas Culturales\n' +
    ' *3* para ver eventos relacionados a Identidad y Comunidad\n' +
    ' *4* para ver eventos relacionados a Pastoral\n' +
    ' *5* para ver eventos relacionados a Psicologia y Salud\n' +
    ' *Duda* en caso de no haber sidos claros con la informacion ',
  options: {
    media: null,
    buttons: [],
    capture: false,
    child: null,
    delay: 0,
    nested: [
      [Object], [Object], [Object],
      [Object], [Object], [Object],
      [Object], [Object], [Object],
      [Object], [Object], [Object],
      [Object], [Object], [Object],
      [Object], [Object], [Object]
    ],
    keyword: {},
    callback: false
  },
  refSerialize: 'cb8d1f3d9825284b610b4c9660070469'
}
[handleMsg]:  {
  key: {
    remoteJid: '573125301766@s.whatsapp.net',
    fromMe: false,
    id: '3AE672DCFAC315EEFD14',
    participant: undefined
  },
  messageTimestamp: 1698910298,
  pushName: 'Juan',
  broadcast: false,
  message: Message {
    conversation: '1',
    messageContextInfo: MessageContextInfo {
      deviceListMetadata: [DeviceListMetadata],
      deviceListMetadataVersion: 2
    }
  },
  body: '1',
  from: '573125301766'
}
[QUEUE_SE_ENVIO]:  {
  ref: 'ans_265ee3eb-6330-4917-9633-9aa5f3f56fc3',
  keyword: 'key_c49c0a1a-a61e-47fd-97b0-cdbb80ae604d',
  answer: 'Eventos relacionados al Centro Javeriano de Formaci贸n Deportiva:',
  options: {
    media: null,
    buttons: [],
    capture: false,
    child: null,
    delay: 0,
    nested: [],
    keyword: {},
    callback: true
  },
  refSerialize: '6ba1854567fcc3c26a9bc0c57e129de4'
}
[QUEUE_SE_ENVIO]:  {
  ref: 'ans_5349f8c5-cea9-4956-84de-5953043b8765',
  keyword: 'ans_265ee3eb-6330-4917-9633-9aa5f3f56fc3',
  answer: 'Escribe Duda si no te qued贸 clara la informacion o Volver para ir al inicio',
  options: {
    media: null,
    buttons: [],
    capture: false,
    child: null,
    delay: 0,
    nested: [ [Object], [Object], [Object] ],
    keyword: {},
    callback: false
  },
  refSerialize: 'b510f7a2207acb9eab89fbbbefab8e0a'
}
[handleMsg]:  {
  key: {
    remoteJid: '573125301766@s.whatsapp.net',
    fromMe: false,
    id: '3A3B6BB207AECBC1789D',
    participant: undefined
  },
  messageTimestamp: 1698910305,
  pushName: 'Juan',
  broadcast: false,
  message: Message {
    conversation: 'Duda',
    messageContextInfo: MessageContextInfo {
      deviceListMetadata: [DeviceListMetadata],
      deviceListMetadataVersion: 2
    }
  },
  body: 'Duda',
  from: '573125301766'
}
[QUEUE_SE_ENVIO]:  {
  ref: 'ans_81e475f2-1c84-4788-9380-34cdd2c459e8',
  keyword: 'key_498c3ff2-7fac-4a3f-8f34-45391b72e331',
  answer: 'En caso de tener dudas puedes comunicarte al correo *vicemed@javeriana.edu.co* especificando toda la informacion acerca de la duda que presentes.',
  options: {
    media: null,
    buttons: [],
    capture: false,
    child: null,
    delay: 0,
    nested: [],
    keyword: {},
    callback: false
  },
  refSerialize: 'e3c5e64aee5a125d8401a0a4af75a5c6'
}
[QUEUE_SE_ENVIO]:  {
  ref: 'ans_e717168a-10e0-4c12-b417-9db887c93d6f',
  keyword: 'ans_81e475f2-1c84-4788-9380-34cdd2c459e8',
  answer: 'Escribe *Volver* para ir al inicio',
  options: {
    media: null,
    buttons: [],
    capture: false,
    child: null,
    delay: 0,
    nested: [],
    keyword: {},
    callback: false
  },
  refSerialize: '45c72f459cbf604d952be3663daa4174'
}
[handleMsg]:  {
  key: {
    remoteJid: '573125301766@s.whatsapp.net',
    fromMe: false,
    id: '3A9585FC21EED2F6EAD6',
    participant: undefined
  },
  messageTimestamp: 1698910311,
  pushName: 'Juan',
  broadcast: false,
  message: Message {
    conversation: 'Volver',
    messageContextInfo: MessageContextInfo {
      deviceListMetadata: [DeviceListMetadata],
      deviceListMetadataVersion: 2
    }
  },
  body: 'Volver',
  from: '573125301766'
}
[QUEUE_SE_ENVIO]:  {
  ref: 'ans_06260b80-c162-4b23-8fec-4aef22ef206b',
  keyword: 'key_a85de13d-5bca-461f-b261-5d160def6ee8',
  answer: 'Hola bienvenido a el *Chatbot de BEU*',
  options: {
    media: null,
    buttons: [],
    capture: false,
    child: null,
    delay: 0,
    nested: [],
    keyword: {},
    callback: false
  },
  refSerialize: 'd61475568f2688d7d94e81d6993bd92d'
}
[QUEUE_SE_ENVIO]:  {
  ref: 'ans_92f38eb0-e89c-41dc-aef8-7881859ceb3f',
  keyword: 'ans_06260b80-c162-4b23-8fec-4aef22ef206b',
  answer: 'En este chat podras encontrar m谩s informaci贸n acerca de los diferentes eventos reportados en nuestra APP\n' +
    'Por favor escribe alguna de las siguientes opciones:\n' +
    ' *1* para ver informacion de eventos relacionados a el Centro Javeriano de Formaci贸n Deportiva\n' +
    ' *2* para ver eventos relacionados a temas Culturales\n' +
    ' *3* para ver eventos relacionados a Identidad y Comunidad\n' +
    ' *4* para ver eventos relacionados a Pastoral\n' +
    ' *5* para ver eventos relacionados a Psicologia y Salud\n' +
    ' *Duda* en caso de no haber sidos claros con la informacion ',
  options: {
    media: null,
    buttons: [],
    capture: false,
    child: null,
    delay: 0,
    nested: [
      [Object], [Object], [Object],
      [Object], [Object], [Object],
      [Object], [Object], [Object],
      [Object], [Object], [Object],
      [Object], [Object], [Object],
      [Object], [Object], [Object]
    ],
    keyword: {},
    callback: false
  },
  refSerialize: 'cb8d1f3d9825284b610b4c9660070469'
}
[handleMsg]:  {
  key: {
    remoteJid: '573125301766@s.whatsapp.net',
    fromMe: false,
    id: '3A34A8373FDB68AEB6BF',
    participant: undefined
  },
  messageTimestamp: 1698910318,
  pushName: 'Juan',
  broadcast: false,
  message: Message {
    conversation: '1',
    messageContextInfo: MessageContextInfo {
      deviceListMetadata: [DeviceListMetadata],
      deviceListMetadataVersion: 2
    }
  },
  body: '1',
  from: '573125301766'
}
[QUEUE_SE_ENVIO]:  {
  ref: 'ans_265ee3eb-6330-4917-9633-9aa5f3f56fc3',
  keyword: 'key_c49c0a1a-a61e-47fd-97b0-cdbb80ae604d',
  answer: 'Eventos relacionados al Centro Javeriano de Formaci贸n Deportiva:',
  options: {
    media: null,
    buttons: [],
    capture: false,
    child: null,
    delay: 0,
    nested: [],
    keyword: {},
    callback: true
  },
  refSerialize: '6ba1854567fcc3c26a9bc0c57e129de4'
}
[QUEUE_SE_ENVIO]:  {
  ref: 'ans_5349f8c5-cea9-4956-84de-5953043b8765',
  keyword: 'ans_265ee3eb-6330-4917-9633-9aa5f3f56fc3',
  answer: 'Escribe Duda si no te qued贸 clara la informacion o Volver para ir al inicio',
  options: {
    media: null,
    buttons: [],
    capture: false,
    child: null,
    delay: 0,
    nested: [ [Object], [Object], [Object] ],
    keyword: {},
    callback: false
  },
  refSerialize: 'b510f7a2207acb9eab89fbbbefab8e0a'
}
[handleMsg]:  {
  key: {
    remoteJid: '573125301766@s.whatsapp.net',
    fromMe: false,
    id: '3AAF1278DE3A05D51761',
    participant: undefined
  },
  messageTimestamp: 1698910323,
  pushName: 'Juan',
  broadcast: false,
  message: Message {
    conversation: 'Volver',
    messageContextInfo: MessageContextInfo {
      deviceListMetadata: [DeviceListMetadata],
      deviceListMetadataVersion: 2
    }
  },
  body: 'Volver',
  from: '573125301766'
}
[handleMsg]:  {
  key: {
    remoteJid: '573125301766@s.whatsapp.net',
    fromMe: false,
    id: '3AF30DB89C1EF2FEA9F9',
    participant: undefined
  },
  messageTimestamp: 1698910327,
  pushName: 'Juan',
  broadcast: false,
  message: Message {
    conversation: 'Volver',
    messageContextInfo: MessageContextInfo {
      deviceListMetadata: [DeviceListMetadata],
      deviceListMetadataVersion: 2
    }
  },
  body: 'Volver',
  from: '573125301766'
}
[QUEUE_SE_ENVIO]:  {
  ref: 'ans_06260b80-c162-4b23-8fec-4aef22ef206b',
  keyword: 'key_a85de13d-5bca-461f-b261-5d160def6ee8',
  answer: 'Hola bienvenido a el *Chatbot de BEU*',
  options: {
    media: null,
    buttons: [],
    capture: false,
    child: null,
    delay: 0,
    nested: [],
    keyword: {},
    callback: false
  },
  refSerialize: 'd61475568f2688d7d94e81d6993bd92d'
}
[QUEUE_SE_ENVIO]:  {
  ref: 'ans_92f38eb0-e89c-41dc-aef8-7881859ceb3f',
  keyword: 'ans_06260b80-c162-4b23-8fec-4aef22ef206b',
  answer: 'En este chat podras encontrar m谩s informaci贸n acerca de los diferentes eventos reportados en nuestra APP\n' +
    'Por favor escribe alguna de las siguientes opciones:\n' +
    ' *1* para ver informacion de eventos relacionados a el Centro Javeriano de Formaci贸n Deportiva\n' +
    ' *2* para ver eventos relacionados a temas Culturales\n' +
    ' *3* para ver eventos relacionados a Identidad y Comunidad\n' +
    ' *4* para ver eventos relacionados a Pastoral\n' +
    ' *5* para ver eventos relacionados a Psicologia y Salud\n' +
    ' *Duda* en caso de no haber sidos claros con la informacion ',
  options: {
    media: null,
    buttons: [],
    capture: false,
    child: null,
    delay: 0,
    nested: [
      [Object], [Object], [Object],
      [Object], [Object], [Object],
      [Object], [Object], [Object],
      [Object], [Object], [Object],
      [Object], [Object], [Object],
      [Object], [Object], [Object]
    ],
    keyword: {},
    callback: false
  },
  refSerialize: 'cb8d1f3d9825284b610b4c9660070469'
}
